{
  "stats": {
    "suites": 1,
    "tests": 2,
    "passes": 2,
    "pending": 0,
    "failures": 0,
    "start": "2026-06-25T06:56:13.078Z",
    "end": "2026-06-25T06:56:17.098Z",
    "duration": 4020,
    "testsRegistered": 2,
    "passPercent": 100,
    "pendingPercent": 0,
    "other": 0,
    "hasOther": false,
    "skipped": 0,
    "hasSkipped": false
  },
  "results": [
    {
      "uuid": "3fc2a0ec-cfda-4aa4-92a0-013ebb4e7e1b",
      "title": "",
      "fullFile": "C:\\Users\\user\\Digital-Skola-QA-Engineer-Tugas\\tests\\test-saucedemo.js",
      "file": "\\tests\\test-saucedemo.js",
      "beforeHooks": [],
      "afterHooks": [],
      "tests": [],
      "suites": [
        {
          "uuid": "4e415789-2b42-4761-99da-09dfd36e3b59",
          "title": "Tugas Web UI Automation - SauceDemo (Sesi 10)",
          "fullFile": "C:\\Users\\user\\Digital-Skola-QA-Engineer-Tugas\\tests\\test-saucedemo.js",
          "file": "\\tests\\test-saucedemo.js",
          "beforeHooks": [
            {
              "title": "\"before all\" hook in \"Tugas Web UI Automation - SauceDemo (Sesi 10)\"",
              "fullTitle": "Tugas Web UI Automation - SauceDemo (Sesi 10) \"before all\" hook in \"Tugas Web UI Automation - SauceDemo (Sesi 10)\"",
              "timedOut": false,
              "duration": 1051,
              "state": null,
              "speed": null,
              "pass": false,
              "fail": false,
              "pending": false,
              "context": null,
              "code": "driver = await new Builder().forBrowser('chrome').build();",
              "err": {},
              "uuid": "f6a6c029-fed3-4982-a654-c46142a7ace3",
              "parentUUID": "4e415789-2b42-4761-99da-09dfd36e3b59",
              "isHook": true,
              "skipped": false
            },
            {
              "title": "\"before each\" hook in \"Tugas Web UI Automation - SauceDemo (Sesi 10)\"",
              "fullTitle": "Tugas Web UI Automation - SauceDemo (Sesi 10) \"before each\" hook in \"Tugas Web UI Automation - SauceDemo (Sesi 10)\"",
              "timedOut": false,
              "duration": 1,
              "state": null,
              "speed": null,
              "pass": false,
              "fail": false,
              "pending": false,
              "context": null,
              "code": "console.log('---> Memulai eksekusi Test Case...');",
              "err": {},
              "uuid": "2ad9bbcf-c35e-49a5-a347-2e582ff5c139",
              "parentUUID": "4e415789-2b42-4761-99da-09dfd36e3b59",
              "isHook": true,
              "skipped": false
            }
          ],
          "afterHooks": [
            {
              "title": "\"after all\" hook in \"Tugas Web UI Automation - SauceDemo (Sesi 10)\"",
              "fullTitle": "Tugas Web UI Automation - SauceDemo (Sesi 10) \"after all\" hook in \"Tugas Web UI Automation - SauceDemo (Sesi 10)\"",
              "timedOut": false,
              "duration": 296,
              "state": null,
              "speed": null,
              "pass": false,
              "fail": false,
              "pending": false,
              "context": null,
              "code": "await driver.quit();",
              "err": {},
              "uuid": "367710d9-abfd-485a-86c7-febd0c4b3a09",
              "parentUUID": "4e415789-2b42-4761-99da-09dfd36e3b59",
              "isHook": true,
              "skipped": false
            },
            {
              "title": "\"after each\" hook in \"Tugas Web UI Automation - SauceDemo (Sesi 10)\"",
              "fullTitle": "Tugas Web UI Automation - SauceDemo (Sesi 10) \"after each\" hook in \"Tugas Web UI Automation - SauceDemo (Sesi 10)\"",
              "timedOut": false,
              "duration": 0,
              "state": null,
              "speed": null,
              "pass": false,
              "fail": false,
              "pending": false,
              "context": null,
              "code": "console.log('<--- Test Case selesai dieksekusi.\\n');",
              "err": {},
              "uuid": "607fc5c6-7775-42be-b01c-4cfeec589878",
              "parentUUID": "4e415789-2b42-4761-99da-09dfd36e3b59",
              "isHook": true,
              "skipped": false
            }
          ],
          "tests": [
            {
              "title": "Sukses Login",
              "fullTitle": "Tugas Web UI Automation - SauceDemo (Sesi 10) Sukses Login",
              "timedOut": false,
              "duration": 2415,
              "state": "passed",
              "speed": "slow",
              "pass": true,
              "fail": false,
              "pending": false,
              "context": null,
              "code": "await driver.get('https://www.saucedemo.com');\nlet inputUsername = await driver.findElement(By.css('[data-test=\"username\"]'));\nlet inputPassword = await driver.findElement(By.xpath('//*[@data-test=\"password\"]'));\nlet buttonLogin = await driver.findElement(By.className('submit-button btn_action'));\nawait inputUsername.sendKeys('standard_user');\nawait inputPassword.sendKeys('secret_sauce');\nawait buttonLogin.click();\nlet titleElement = await driver.findElement(By.className('title'));\nlet isDisplayed = await titleElement.isDisplayed();\nassert.strictEqual(isDisplayed, true);",
              "err": {},
              "uuid": "8ba0d536-6b49-4668-96a4-23b7eb4b90f6",
              "parentUUID": "4e415789-2b42-4761-99da-09dfd36e3b59",
              "isHook": false,
              "skipped": false
            },
            {
              "title": "Urutkan Produk dari A-Z",
              "fullTitle": "Tugas Web UI Automation - SauceDemo (Sesi 10) Urutkan Produk dari A-Z",
              "timedOut": false,
              "duration": 248,
              "state": "passed",
              "speed": "slow",
              "pass": true,
              "fail": false,
              "pending": false,
              "context": null,
              "code": "let sortDropdown = await driver.findElement(By.className('product_sort_container'));\nawait sortDropdown.click();\nlet optionAZ = await driver.findElement(By.css('option[value=\"az\"]'));\nawait optionAZ.click();\nlet activeOption = await driver.findElement(By.className('active_option')).getText();\nassert.strictEqual(activeOption, 'Name (A to Z)');",
              "err": {},
              "uuid": "d1d089a3-bc5c-4df2-ba04-bf529eea1dd5",
              "parentUUID": "4e415789-2b42-4761-99da-09dfd36e3b59",
              "isHook": false,
              "skipped": false
            }
          ],
          "suites": [],
          "passes": [
            "8ba0d536-6b49-4668-96a4-23b7eb4b90f6",
            "d1d089a3-bc5c-4df2-ba04-bf529eea1dd5"
          ],
          "failures": [],
          "pending": [],
          "skipped": [],
          "duration": 2663,
          "root": false,
          "rootEmpty": false,
          "_timeout": 60000
        }
      ],
      "passes": [],
      "failures": [],
      "pending": [],
      "skipped": [],
      "duration": 0,
      "root": true,
      "rootEmpty": true,
      "_timeout": 60000
    }
  ],
  "meta": {
    "mocha": {
      "version": "10.8.2"
    },
    "mochawesome": {
      "options": {
        "quiet": false,
        "reportFilename": "mochawesome",
        "saveHtml": true,
        "saveJson": true,
        "consoleReporter": "spec",
        "useInlineDiffs": false,
        "code": true
      },
      "version": "7.1.4"
    },
    "marge": {
      "options": null,
      "version": "6.3.2"
    }
  }
}